<?xml version="1.0" encoding="UTF-8"?>
<!-- Generated by org.testng.reporters.JUnitXMLReporter -->
<testsuite hostname="abokhlaifa" ignored="0" name="Default test" tests="9" failures="0" timestamp="31 Aug 2019 15:21:22 GMT" time="8.89" errors="0">
  <testcase name="addEmployeeRecord" time="2.2" classname="tests.TC01_addEmployee"/>
  <testcase name="addEmployeeRecord" time="0.514" classname="tests.TC01_addEmployee"/>
  <testcase name="addEmployeeRecord" time="0.51" classname="tests.TC01_addEmployee"/>
  <testcase name="addEmployeeRecord" time="0.511" classname="tests.TC01_addEmployee"/>
  <testcase name="addEmployeeRecord" time="0.609" classname="tests.TC01_addEmployee"/>
  <testcase name="addEmployeeRecord" time="0.508" classname="tests.TC01_addEmployee"/>
  <testcase name="addEmployeeRecord" time="0.437" classname="tests.TC01_addEmployee"/>
  <testcase name="addEmployeeRecord" time="0.482" classname="tests.TC01_addEmployee"/>
  <testcase name="addEmployeeRecord" time="0.783" classname="tests.TC01_addEmployee"/>
</testsuite> <!-- Default test -->
