<?xml version="1.0" encoding="UTF-8"?>
<!-- Generated by org.testng.reporters.JUnitXMLReporter -->
<testsuite hostname="IT-DT035" ignored="3" name="Default test" tests="1" failures="0" timestamp="05 Sep 2019 08:47:45 GMT" time="3.624" errors="0">
  <testcase name="traverseXML" time="1.238" classname="tests.TC03_soapTest"/>
  <testcase name="checkResponseBody" time="0.0" classname="tests.TC03_soapTest">
    <ignored/>
  </testcase> <!-- checkResponseBody -->
  <testcase name="postMethod" time="0.0" classname="tests.TC03_soapTest">
    <ignored/>
  </testcase> <!-- postMethod -->
  <testcase name="traverseXML1" time="0.0" classname="tests.TC03_soapTest">
    <ignored/>
  </testcase> <!-- traverseXML1 -->
</testsuite> <!-- Default test -->
