<?xml version="1.0" encoding="UTF-8"?>
<!-- Generated by org.testng.reporters.JUnitXMLReporter -->
<testsuite hostname="IT-DT035" ignored="0" name="EmployeesRestAPITest" tests="11" failures="1" timestamp="01 Sep 2019 09:10:34 GMT" time="7.089" errors="0">
  <testcase name="checkResponseBody" time="0.188" classname="tests.TC00_GetAllEmployees"/>
  <testcase name="authenticate" time="0.003" classname="tests.TC02_authentication">
    <failure type="java.lang.AssertionError" message="expected [200] but found [401]">
      <![CDATA[java.lang.AssertionError: expected [200] but found [401]
at tests.TC02_authentication.authenticate(TC02_authentication.java:49)
... Removed 31 stack frames]]>
    </failure>
  </testcase> <!-- authenticate -->
  <testcase name="addEmployeeRecord" time="0.425" classname="tests.TC01_addEmployee"/>
  <testcase name="addEmployeeRecord" time="0.473" classname="tests.TC01_addEmployee"/>
  <testcase name="addEmployeeRecord" time="0.417" classname="tests.TC01_addEmployee"/>
  <testcase name="addEmployeeRecord" time="0.436" classname="tests.TC01_addEmployee"/>
  <testcase name="addEmployeeRecord" time="0.411" classname="tests.TC01_addEmployee"/>
  <testcase name="addEmployeeRecord" time="0.415" classname="tests.TC01_addEmployee"/>
  <testcase name="addEmployeeRecord" time="0.468" classname="tests.TC01_addEmployee"/>
  <testcase name="addEmployeeRecord" time="0.446" classname="tests.TC01_addEmployee"/>
  <testcase name="addEmployeeRecord" time="0.411" classname="tests.TC01_addEmployee"/>
</testsuite> <!-- EmployeesRestAPITest -->
