<?xml version="1.0" encoding="UTF-8"?>
<!-- Generated by org.testng.reporters.JUnitXMLReporter -->
<testsuite hostname="abokhlaifa" ignored="0" name="EmployeesRestAPITest" tests="11" failures="1" timestamp="31 Aug 2019 15:39:52 GMT" time="10.056" errors="0">
  <testcase name="checkResponseBody" time="0.311" classname="tests.TC00_GetAllEmployees"/>
  <testcase name="authenticate" time="0.004" classname="tests.TC02_authentication">
    <failure type="java.lang.AssertionError" message="expected [200] but found [401]">
      <![CDATA[java.lang.AssertionError: expected [200] but found [401]
at tests.TC02_authentication.authenticate(TC02_authentication.java:49)
... Removed 31 stack frames]]>
    </failure>
  </testcase> <!-- authenticate -->
  <testcase name="addEmployeeRecord" time="0.603" classname="tests.TC01_addEmployee"/>
  <testcase name="addEmployeeRecord" time="0.537" classname="tests.TC01_addEmployee"/>
  <testcase name="addEmployeeRecord" time="0.513" classname="tests.TC01_addEmployee"/>
  <testcase name="addEmployeeRecord" time="0.508" classname="tests.TC01_addEmployee"/>
  <testcase name="addEmployeeRecord" time="0.475" classname="tests.TC01_addEmployee"/>
  <testcase name="addEmployeeRecord" time="0.436" classname="tests.TC01_addEmployee"/>
  <testcase name="addEmployeeRecord" time="0.51" classname="tests.TC01_addEmployee"/>
  <testcase name="addEmployeeRecord" time="0.511" classname="tests.TC01_addEmployee"/>
  <testcase name="addEmployeeRecord" time="0.508" classname="tests.TC01_addEmployee"/>
</testsuite> <!-- EmployeesRestAPITest -->
